# JRE version: OpenJDK Runtime Environment Temurin-17.0.2+8 (17.0.2+8) (build 17.0.2+8)
# Java VM: OpenJDK 64-Bit Server VM Temurin-17.0.2+8 (17.0.2+8, mixed mode, emulated-client, tiered, compressed oops, compressed class ptrs, g1 gc, linux-amd64)
GC Precious Log:
 CPUs: 12 total, 12 available
 Memory: 16001M
 Large Page Support: Disabled
 NUMA Support: Disabled
 Compressed Oops: Enabled (Zero based)
 Heap Region Size: 2M
 Heap Min Capacity: 8M
 Heap Initial Capacity: 252M
 Heap Max Capacity: 4002M
 Pre-touch: Disabled
 Parallel Workers: 10
 Concurrent Workers: 3
 Concurrent Refinement Workers: 10
 Periodic GC: Disabled
Heap:
 garbage-first heap   total 81920K, used 47884K [0x0000000705e00000, 0x0000000800000000)
  region size 2048K, 14 young (28672K), 1 survivors (2048K)
 Metaspace       used 39323K, committed 39680K, reserved 1089536K
  class space    used 5006K, committed 5184K, reserved 1048576K
GC Heap History (20 events):
Event: 0,366 GC heap before
{Heap before GC invocations=0 (full 0):
 garbage-first heap   total 258048K, used 20480K [0x0000000705e00000, 0x0000000800000000)
  region size 2048K, 11 young (22528K), 0 survivors (0K)
 Metaspace       used 11765K, committed 11968K, reserved 1064960K
  class space    used 1387K, committed 1472K, reserved 1048576K
}
Event: 0,371 GC heap after
{Heap after GC invocations=1 (full 0):
 garbage-first heap   total 258048K, used 5472K [0x0000000705e00000, 0x0000000800000000)
  region size 2048K, 2 young (4096K), 2 survivors (4096K)
 Metaspace       used 11765K, committed 11968K, reserved 1064960K
  class space    used 1387K, committed 1472K, reserved 1048576K
}
Event: 0,688 GC heap before
{Heap before GC invocations=1 (full 0):
 garbage-first heap   total 258048K, used 32096K [0x0000000705e00000, 0x0000000800000000)
  region size 2048K, 15 young (30720K), 2 survivors (4096K)
 Metaspace       used 19488K, committed 19648K, reserved 1073152K
  class space    used 2449K, committed 2496K, reserved 1048576K
}
Event: 0,692 GC heap after
{Heap after GC invocations=2 (full 0):
 garbage-first heap   total 258048K, used 8188K [0x0000000705e00000, 0x0000000800000000)
  region size 2048K, 2 young (4096K), 2 survivors (4096K)
 Metaspace       used 19488K, committed 19648K, reserved 1073152K
  class space    used 2449K, committed 2496K, reserved 1048576K
}
Event: 0,811 GC heap before
{Heap before GC invocations=2 (full 0):
 garbage-first heap   total 258048K, used 22524K [0x0000000705e00000, 0x0000000800000000)
  region size 2048K, 10 young (20480K), 2 survivors (4096K)
 Metaspace       used 21320K, committed 21504K, reserved 1073152K
  class space    used 2691K, committed 2816K, reserved 1048576K
}
Event: 0,812 GC heap after
{Heap after GC invocations=3 (full 0):
 garbage-first heap   total 258048K, used 9381K [0x0000000705e00000, 0x0000000800000000)
  region size 2048K, 2 young (4096K), 2 survivors (4096K)
 Metaspace       used 21320K, committed 21504K, reserved 1073152K
  class space    used 2691K, committed 2816K, reserved 1048576K
}
Event: 0,945 GC heap before
{Heap before GC invocations=4 (full 0):
 garbage-first heap   total 40960K, used 27813K [0x0000000705e00000, 0x0000000800000000)
  region size 2048K, 12 young (24576K), 2 survivors (4096K)
 Metaspace       used 24040K, committed 24256K, reserved 1073152K
  class space    used 3108K, committed 3200K, reserved 1048576K
}
Event: 0,948 GC heap after
{Heap after GC invocations=5 (full 0):
 garbage-first heap   total 40960K, used 11649K [0x0000000705e00000, 0x0000000800000000)
  region size 2048K, 3 young (6144K), 3 survivors (6144K)
 Metaspace       used 24040K, committed 24256K, reserved 1073152K
  class space    used 3108K, committed 3200K, reserved 1048576K
}
Event: 0,970 GC heap before
{Heap before GC invocations=5 (full 0):
 garbage-first heap   total 40960K, used 13697K [0x0000000705e00000, 0x0000000800000000)
  region size 2048K, 4 young (8192K), 3 survivors (6144K)
 Metaspace       used 24595K, committed 24832K, reserved 1073152K
  class space    used 3190K, committed 3264K, reserved 1048576K
}
Event: 0,975 GC heap after
{Heap after GC invocations=6 (full 0):
 garbage-first heap   total 40960K, used 12292K [0x0000000705e00000, 0x0000000800000000)
  region size 2048K, 1 young (2048K), 1 survivors (2048K)
 Metaspace       used 24595K, committed 24832K, reserved 1073152K
  class space    used 3190K, committed 3264K, reserved 1048576K
}
Event: 1,135 GC heap before
{Heap before GC invocations=6 (full 0):
 garbage-first heap   total 40960K, used 26628K [0x0000000705e00000, 0x0000000800000000)
  region size 2048K, 8 young (16384K), 1 survivors (2048K)
 Metaspace       used 27427K, committed 27712K, reserved 1073152K
  class space    used 3624K, committed 3776K, reserved 1048576K
}
Event: 1,137 GC heap after
{Heap after GC invocations=7 (full 0):
 garbage-first heap   total 149504K, used 12903K [0x0000000705e00000, 0x0000000800000000)
  region size 2048K, 1 young (2048K), 1 survivors (2048K)
 Metaspace       used 27427K, committed 27712K, reserved 1073152K
  class space    used 3624K, committed 3776K, reserved 1048576K
}
Event: 1,642 GC heap before
{Heap before GC invocations=7 (full 0):
 garbage-first heap   total 149504K, used 68199K [0x0000000705e00000, 0x0000000800000000)
  region size 2048K, 30 young (61440K), 1 survivors (2048K)
 Metaspace       used 35757K, committed 36096K, reserved 1081344K
  class space    used 4570K, committed 4736K, reserved 1048576K
}
Event: 1,650 GC heap after
{Heap after GC invocations=8 (full 0):
 garbage-first heap   total 149504K, used 21053K [0x0000000705e00000, 0x0000000800000000)
  region size 2048K, 5 young (10240K), 5 survivors (10240K)
 Metaspace       used 35757K, committed 36096K, reserved 1081344K
  class space    used 4570K, committed 4736K, reserved 1048576K
}
Event: 16,495 GC heap before
{Heap before GC invocations=9 (full 0):
 garbage-first heap   total 81920K, used 57917K [0x0000000705e00000, 0x0000000800000000)
  region size 2048K, 24 young (49152K), 5 survivors (10240K)
 Metaspace       used 38907K, committed 39168K, reserved 1089536K
  class space    used 4920K, committed 5056K, reserved 1048576K
}
Event: 16,499 GC heap after
{Heap after GC invocations=10 (full 0):
 garbage-first heap   total 81920K, used 23689K [0x0000000705e00000, 0x0000000800000000)
  region size 2048K, 2 young (4096K), 2 survivors (4096K)
 Metaspace       used 38907K, committed 39168K, reserved 1089536K
  class space    used 4920K, committed 5056K, reserved 1048576K
}
Event: 26,614 GC heap before
{Heap before GC invocations=10 (full 0):
 garbage-first heap   total 81920K, used 25737K [0x0000000705e00000, 0x0000000800000000)
  region size 2048K, 3 young (6144K), 2 survivors (4096K)
 Metaspace       used 38933K, committed 39232K, reserved 1089536K
  class space    used 4928K, committed 5056K, reserved 1048576K
}
Event: 26,616 GC heap after
{Heap after GC invocations=11 (full 0):
 garbage-first heap   total 81920K, used 22477K [0x0000000705e00000, 0x0000000800000000)
  region size 2048K, 1 young (2048K), 1 survivors (2048K)
 Metaspace       used 38933K, committed 39232K, reserved 1089536K
  class space    used 4928K, committed 5056K, reserved 1048576K
}
Event: 975,952 GC heap before
{Heap before GC invocations=11 (full 0):
 garbage-first heap   total 81920K, used 55245K [0x0000000705e00000, 0x0000000800000000)
  region size 2048K, 18 young (36864K), 1 survivors (2048K)
 Metaspace       used 39298K, committed 39680K, reserved 1089536K
  class space    used 4999K, committed 5184K, reserved 1048576K
}
Event: 975,953 GC heap after
{Heap after GC invocations=12 (full 0):
 garbage-first heap   total 81920K, used 23308K [0x0000000705e00000, 0x0000000800000000)
  region size 2048K, 1 young (2048K), 1 survivors (2048K)
 Metaspace       used 39298K, committed 39680K, reserved 1089536K
  class space    used 4999K, committed 5184K, reserved 1048576K
}

